<?xml version="1.0" encoding="utf-8"?>
<coverage line-rate="0.5" branch-rate="0" version="1.0" timestamp="1234567890" lines-covered="5" lines-valid="10" branches-covered="0" branches-valid="0">
  <sources>
    <source>/src</source>
  </sources>
  <packages>
    <package name="TestPackage" line-rate="0.5" branch-rate="0" complexity="1">
      <classes>
        <class name="TestClass" filename="TestFile.cs" line-rate="0.5" branch-rate="0" complexity="1">
          <methods>
            <method name="TestMethod" signature="void TestMethod()" line-rate="0.5" branch-rate="0" complexity="1">
              <lines>
                <line number="10" hits="1"/>
                <line number="11" hits="0"/>
                <line number="12" hits="1"/>
                <line number="13" hits="0"/>
              </lines>
            </method>
          </methods>
          <lines>
            <line number="10" hits="1"/>
            <line number="11" hits="0"/>
            <line number="12" hits="1"/>
            <line number="13" hits="0"/>
          </lines>
        </class>
      </classes>
    </package>
  </packages>
</coverage>
