<?xml version="1.0" encoding="utf-8"?>
<coverage line-rate="0.75" branch-rate="0.5" version="1.0" timestamp="1234567890" lines-covered="3" lines-valid="4" branches-covered="1" branches-valid="2">
  <sources>
    <source>/src</source>
  </sources>
  <packages>
    <package name="TestPackage" line-rate="0.75" branch-rate="0.5" complexity="2">
      <classes>
        <class name="BranchClass" filename="BranchFile.cs" line-rate="0.75" branch-rate="0.5" complexity="2">
          <methods>
            <method name="BranchMethod" signature="void BranchMethod()" line-rate="0.75" branch-rate="0.5" complexity="2">
              <lines>
                <line number="10" hits="1"/>
                <line number="11" hits="1" branch="true" condition-coverage="50% (1/2)">
                  <conditions>
                    <condition number="0" type="jump" coverage="0%"/>
                    <condition number="1" type="jump" coverage="100%"/>
                  </conditions>
                </line>
                <line number="12" hits="1"/>
                <line number="13" hits="0"/>
              </lines>
            </method>
          </methods>
          <lines>
            <line number="10" hits="1"/>
            <line number="11" hits="1" branch="true" condition-coverage="50% (1/2)">
              <conditions>
                <condition number="0" type="jump" coverage="0%"/>
                <condition number="1" type="jump" coverage="100%"/>
              </conditions>
            </line>
            <line number="12" hits="1"/>
            <line number="13" hits="0"/>
          </lines>
        </class>
      </classes>
    </package>
  </packages>
</coverage>
